CompileCommand: exclude com/intellij/openapi/vfs/impl/FilePartNodeRoot.trieDescend bool exclude = true
Info  | RdCoroutineScope          | 14:JobScheduler FJ pool 2/3 | RdCoroutineHost overridden 
Initialize stderr logger, severity=LOGSEVERITY_DISABLE
2022-10-17 21:01:57,885 [  36423]   WARN - #c.i.d.PerformanceWatcherImpl - UI was frozen for 5511ms, details saved to /home/brunow/.cache/JetBrains/IdeaIC2022.2/log/threadDumps-freeze-20221017-210157-IC-222.4167.29-5sec
2022-10-17 21:02:04,760 [  43298]   WARN - #c.i.o.a.i.ActionUpdater - 2963 ms to grab EDT for BackAction#update@MainToolbar (com.intellij.ide.actions.BackAction)
2022-10-17 21:02:05,151 [  43689]   WARN - #c.i.o.a.i.ActionUpdater - 2697 ms to grab EDT for #update@ToolwindowTitle (com.intellij.toolWindow.ToolWindowHeader$2)
2022-10-17 21:02:05,340 [  43878]   WARN - #c.i.o.v.ExternallyAddedFilesProcessorImpl - Cannot find project config directory for non-default and non-directory based project IMD0409-spring
2022-10-17 21:02:05,862 [  44400]   WARN - #c.i.o.a.i.ActionUpdater - 395 ms to grab EDT for #update@ToolwindowTitle (com.intellij.toolWindow.ToolWindowHeader$2)
2022-10-17 21:02:05,862 [  44400]   WARN - #c.i.o.a.i.ActionUpdater - 386 ms to grab EDT for CWMTelephonyGroup#update@NavBarToolbar (com.jetbrains.rd.platform.codeWithMe.telephony.CWMTelephonyGroup)
2022-10-17 21:02:06,489 [  45027]   WARN - #c.i.o.v.ExternallyAddedFilesProcessorImpl - Cannot find project config directory for non-default and non-directory based project IMD0409-spring
2022-10-17 21:02:07,005 [  45543]   WARN - #c.i.o.v.ExternallyAddedFilesProcessorImpl - Cannot find project config directory for non-default and non-directory based project IMD0409-spring
Changing log factory from com.intellij.idea.LoggerFactory to com.haulmont.jpb.logger.JpabLoggerFactory
java.lang.Throwable
	at com.intellij.openapi.diagnostic.Logger.logFactoryChanged(Logger.java:78)
	at com.intellij.openapi.diagnostic.Logger.setFactory(Logger.java:69)
	at com.haulmont.jpb.action.persistenceunit.PersistenceUnitStartupActivity.runActivity(PersistenceUnitStartupActivity.kt:42)
	at com.intellij.ide.startup.impl.StartupManagerImplKt.runStartupActivity(StartupManagerImpl.kt:511)
	at com.intellij.ide.startup.impl.StartupManagerImplKt.access$runStartupActivity(StartupManagerImpl.kt:1)
	at com.intellij.ide.startup.impl.StartupManagerImpl.runActivityAndMeasureDuration(StartupManagerImpl.kt:305)
	at com.intellij.ide.startup.impl.StartupManagerImpl.runActivityAndMeasureDuration$default(StartupManagerImpl.kt:296)
	at com.intellij.ide.startup.impl.StartupManagerImpl$runPostStartupActivities$1$2.run(StartupManagerImpl.kt:260)
	at com.intellij.openapi.project.DumbServiceImpl.doRun(DumbServiceImpl.java:395)
	at com.intellij.openapi.project.DumbServiceImpl.updateFinished(DumbServiceImpl.java:387)
	at com.intellij.openapi.project.TrackedEdtActivityService$TrackedEdtActivity.run(TrackedEdtActivityService.java:66)
	at com.intellij.openapi.application.TransactionGuardImpl.runWithWritingAllowed(TransactionGuardImpl.java:209)
	at com.intellij.openapi.application.TransactionGuardImpl.access$100(TransactionGuardImpl.java:21)
	at com.intellij.openapi.application.TransactionGuardImpl$1.run(TransactionGuardImpl.java:191)
	at com.intellij.openapi.application.impl.ApplicationImpl.runIntendedWriteActionOnCurrentThread(ApplicationImpl.java:881)
	at com.intellij.openapi.application.impl.ApplicationImpl$3.run(ApplicationImpl.java:513)
	at com.intellij.openapi.application.impl.FlushQueue.doRun(FlushQueue.java:75)
	at com.intellij.openapi.application.impl.FlushQueue.runNextEvent(FlushQueue.java:118)
	at com.intellij.openapi.application.impl.FlushQueue.flushNow(FlushQueue.java:42)
	at java.desktop/java.awt.event.InvocationEvent.dispatch(InvocationEvent.java:318)
	at java.desktop/java.awt.EventQueue.dispatchEventImpl(EventQueue.java:779)
	at java.desktop/java.awt.EventQueue$4.run(EventQueue.java:730)
	at java.desktop/java.awt.EventQueue$4.run(EventQueue.java:724)
	at java.base/java.security.AccessController.doPrivileged(AccessController.java:399)
	at java.base/java.security.ProtectionDomain$JavaSecurityAccessImpl.doIntersectionPrivilege(ProtectionDomain.java:86)
	at java.desktop/java.awt.EventQueue.dispatchEvent(EventQueue.java:749)
	at com.intellij.ide.IdeEventQueue.defaultDispatchEvent(IdeEventQueue.java:918)
	at com.intellij.ide.IdeEventQueue._dispatchEvent(IdeEventQueue.java:766)
	at com.intellij.ide.IdeEventQueue.lambda$dispatchEvent$6(IdeEventQueue.java:450)
	at com.intellij.openapi.progress.impl.CoreProgressManager.computePrioritized(CoreProgressManager.java:791)
	at com.intellij.ide.IdeEventQueue.lambda$dispatchEvent$7(IdeEventQueue.java:449)
	at com.intellij.openapi.application.TransactionGuardImpl.performActivity(TransactionGuardImpl.java:105)
	at com.intellij.ide.IdeEventQueue.performActivity(IdeEventQueue.java:624)
	at com.intellij.ide.IdeEventQueue.lambda$dispatchEvent$8(IdeEventQueue.java:447)
	at com.intellij.openapi.application.impl.ApplicationImpl.runIntendedWriteActionOnCurrentThread(ApplicationImpl.java:881)
	at com.intellij.ide.IdeEventQueue.dispatchEvent(IdeEventQueue.java:493)
	at java.desktop/java.awt.EventDispatchThread.pumpOneEventForFilters(EventDispatchThread.java:207)
	at java.desktop/java.awt.EventDispatchThread.pumpEventsForFilter(EventDispatchThread.java:128)
	at java.desktop/java.awt.EventDispatchThread.pumpEventsForHierarchy(EventDispatchThread.java:117)
	at java.desktop/java.awt.EventDispatchThread.pumpEvents(EventDispatchThread.java:113)
	at java.desktop/java.awt.EventDispatchThread.pumpEvents(EventDispatchThread.java:105)
	at java.desktop/java.awt.EventDispatchThread.run(EventDispatchThread.java:92)

2022-10-17 21:02:11,544 [  50082]   WARN - #c.i.o.a.i.ActionUpdater - 507 ms to grab EDT for CWMTelephonyGroup#update@NavBarToolbar (com.jetbrains.rd.platform.codeWithMe.telephony.CWMTelephonyGroup)
2022-10-17 21:02:11,559 [  50097]   WARN - #c.i.o.a.i.ActionUpdater - 507 ms to grab EDT for #update@ToolwindowTitle (com.intellij.toolWindow.ToolWindowHeader$2)
2022-10-17 21:02:14,976 [  53514]   WARN - #c.i.o.a.i.ActionUpdater - 1954 ms to call on BGT ExecutorAction#update@NavBarToolbar (com.intellij.execution.ExecutorRegistryImpl$ExecutorAction)
2022-10-17 21:02:50,241 [  88779]   WARN - #c.i.o.v.ExternallyAddedFilesProcessorImpl - Cannot find project config directory for non-default and non-directory based project IMD0409-spring
2022-10-17 21:02:51,614 [  90152]   WARN - #c.i.u.x.Binding - no accessors for com.haulmont.jpb.model.dbtype.DbType
2022-10-17 21:03:52,129 [ 150667]   WARN - #c.i.u.x.Binding - no accessors for org.jetbrains.idea.perforce.perforce.ConnectionId
shutdown on Thread[AWT-EventQueue-0,6,main]
CompileCommand: exclude com/intellij/openapi/vfs/impl/FilePartNodeRoot.trieDescend bool exclude = true
Info  | RdCoroutineScope          | 12:JobScheduler FJ pool 0/3 | RdCoroutineHost overridden 
2022-10-17 21:04:21,275 [  23096]   WARN - #c.i.o.a.i.ActionUpdater - 1469 ms to grab EDT for CWMTelephonyGroup#update@NavBarToolbar (com.jetbrains.rd.platform.codeWithMe.telephony.CWMTelephonyGroup)
2022-10-17 21:04:21,696 [  23517]   WARN - #c.i.o.a.i.ActionUpdater - 1322 ms to grab EDT for BackAction#update@MainToolbar (com.intellij.ide.actions.BackAction)
2022-10-17 21:04:23,630 [  25451]   WARN - #c.i.o.a.i.ActionUpdater - 1925 ms to grab EDT for CWMTelephonyGroup#update@MainToolbar (com.jetbrains.rd.platform.codeWithMe.telephony.CWMTelephonyGroup)
2022-10-17 21:04:23,636 [  25457]   WARN - #c.i.o.a.i.ActionUpdater - 1883 ms to grab EDT for DeviceAndSnapshotComboBoxAction#update@NavBarToolbar (com.android.tools.idea.run.deployment.DeviceAndSnapshotComboBoxAction)
2022-10-17 21:04:24,056 [  25877]   WARN - #c.i.o.a.i.ActionUpdater - 247 ms to grab EDT for ApplyChangesAction#update@MainToolbar (com.android.tools.idea.run.ui.ApplyChangesAction)
2022-10-17 21:04:24,071 [  25892]   WARN - #c.i.o.a.i.ActionUpdater - 261 ms to grab EDT for CodeSwapAction#update@NavBarToolbar (com.android.tools.idea.run.ui.CodeSwapAction)
2022-10-17 21:04:24,294 [  26115]   WARN - #c.i.o.a.i.ActionUpdater - 236 ms to grab EDT for CodeSwapAction#update@MainToolbar (com.android.tools.idea.run.ui.CodeSwapAction)
2022-10-17 21:04:24,302 [  26123]   WARN - #c.i.o.a.i.ActionUpdater - 226 ms to grab EDT for AndroidConnectDebuggerAction#update@NavBarToolbar (org.jetbrains.android.actions.AndroidConnectDebuggerAction)
2022-10-17 21:04:24,931 [  26752]   WARN - #c.i.o.a.i.ActionUpdater - 4025 ms total to grab EDT 7 times to expand DefaultActionGroup@NavBarToolbar (CustomisedActionGroup/com.intellij.openapi.actionSystem.DefaultActionGroup). Use `ActionUpdateThread.BGT`.
2022-10-17 21:04:25,009 [  26830]   WARN - #c.i.o.a.i.ActionUpdater - 388 ms to grab EDT for PreviewFormAction#update@MainToolbar (com.intellij.uiDesigner.actions.PreviewFormAction)
2022-10-17 21:04:25,809 [  27630]   WARN - #c.i.o.a.i.ActionUpdater - 4540 ms total to grab EDT 14 times to expand DefaultActionGroup@MainToolbar (CustomisedActionGroup/com.intellij.openapi.actionSystem.DefaultActionGroup). Use `ActionUpdateThread.BGT`.
2022-10-17 21:04:25,811 [  27632]   WARN - #c.i.o.a.i.ActionUpdater - 594 ms to grab EDT for #update@MainMenu (com.intellij.ide.actions.cache.CacheRecoveryActionGroup$toAnAction$1)
Changing log factory from com.intellij.idea.LoggerFactory to com.haulmont.jpb.logger.JpabLoggerFactory
java.lang.Throwable
	at com.intellij.openapi.diagnostic.Logger.logFactoryChanged(Logger.java:78)
	at com.intellij.openapi.diagnostic.Logger.setFactory(Logger.java:69)
	at com.haulmont.jpb.action.persistenceunit.PersistenceUnitStartupActivity.runActivity(PersistenceUnitStartupActivity.kt:42)
	at com.intellij.ide.startup.impl.StartupManagerImplKt.runStartupActivity(StartupManagerImpl.kt:511)
	at com.intellij.ide.startup.impl.StartupManagerImplKt.access$runStartupActivity(StartupManagerImpl.kt:1)
	at com.intellij.ide.startup.impl.StartupManagerImpl.runActivityAndMeasureDuration(StartupManagerImpl.kt:305)
	at com.intellij.ide.startup.impl.StartupManagerImpl.runActivityAndMeasureDuration$default(StartupManagerImpl.kt:296)
	at com.intellij.ide.startup.impl.StartupManagerImpl$runPostStartupActivities$1$2.run(StartupManagerImpl.kt:260)
	at com.intellij.openapi.project.DumbServiceImpl.doRun(DumbServiceImpl.java:395)
	at com.intellij.openapi.project.DumbServiceImpl.updateFinished(DumbServiceImpl.java:387)
	at com.intellij.openapi.project.TrackedEdtActivityService$TrackedEdtActivity.run(TrackedEdtActivityService.java:66)
	at com.intellij.openapi.application.TransactionGuardImpl.runWithWritingAllowed(TransactionGuardImpl.java:209)
	at com.intellij.openapi.application.TransactionGuardImpl.access$100(TransactionGuardImpl.java:21)
	at com.intellij.openapi.application.TransactionGuardImpl$1.run(TransactionGuardImpl.java:191)
	at com.intellij.openapi.application.impl.ApplicationImpl.runIntendedWriteActionOnCurrentThread(ApplicationImpl.java:881)
	at com.intellij.openapi.application.impl.ApplicationImpl$3.run(ApplicationImpl.java:513)
	at com.intellij.openapi.application.impl.FlushQueue.doRun(FlushQueue.java:75)
	at com.intellij.openapi.application.impl.FlushQueue.runNextEvent(FlushQueue.java:118)
	at com.intellij.openapi.application.impl.FlushQueue.flushNow(FlushQueue.java:42)
	at java.desktop/java.awt.event.InvocationEvent.dispatch(InvocationEvent.java:318)
	at java.desktop/java.awt.EventQueue.dispatchEventImpl(EventQueue.java:779)
	at java.desktop/java.awt.EventQueue$4.run(EventQueue.java:730)
	at java.desktop/java.awt.EventQueue$4.run(EventQueue.java:724)
	at java.base/java.security.AccessController.doPrivileged(AccessController.java:399)
	at java.base/java.security.ProtectionDomain$JavaSecurityAccessImpl.doIntersectionPrivilege(ProtectionDomain.java:86)
	at java.desktop/java.awt.EventQueue.dispatchEvent(EventQueue.java:749)
	at com.intellij.ide.IdeEventQueue.defaultDispatchEvent(IdeEventQueue.java:918)
	at com.intellij.ide.IdeEventQueue._dispatchEvent(IdeEventQueue.java:766)
	at com.intellij.ide.IdeEventQueue.lambda$dispatchEvent$6(IdeEventQueue.java:450)
	at com.intellij.openapi.progress.impl.CoreProgressManager.computePrioritized(CoreProgressManager.java:791)
	at com.intellij.ide.IdeEventQueue.lambda$dispatchEvent$7(IdeEventQueue.java:449)
	at com.intellij.openapi.application.TransactionGuardImpl.performActivity(TransactionGuardImpl.java:105)
	at com.intellij.ide.IdeEventQueue.performActivity(IdeEventQueue.java:624)
	at com.intellij.ide.IdeEventQueue.lambda$dispatchEvent$8(IdeEventQueue.java:447)
	at com.intellij.openapi.application.impl.ApplicationImpl.runIntendedWriteActionOnCurrentThread(ApplicationImpl.java:881)
	at com.intellij.ide.IdeEventQueue.dispatchEvent(IdeEventQueue.java:493)
	at java.desktop/java.awt.EventDispatchThread.pumpOneEventForFilters(EventDispatchThread.java:207)
	at java.desktop/java.awt.EventDispatchThread.pumpEventsForFilter(EventDispatchThread.java:128)
	at java.desktop/java.awt.EventDispatchThread.pumpEventsForHierarchy(EventDispatchThread.java:117)
	at java.desktop/java.awt.EventDispatchThread.pumpEvents(EventDispatchThread.java:113)
	at java.desktop/java.awt.EventDispatchThread.pumpEvents(EventDispatchThread.java:105)
	at java.desktop/java.awt.EventDispatchThread.run(EventDispatchThread.java:92)

2022-10-17 21:04:26,973 [  28794]   WARN - #c.i.o.v.ExternallyAddedFilesProcessorImpl - Cannot find project config directory for non-default and non-directory based project spring-rest-api
2022-10-17 21:04:29,991 [  31812]   WARN - #c.i.o.v.ExternallyAddedFilesProcessorImpl - Cannot find project config directory for non-default and non-directory based project spring-rest-api
2022-10-17 21:04:36,576 [  38397]   WARN - #c.i.o.v.ExternallyAddedFilesProcessorImpl - Cannot find project config directory for non-default and non-directory based project spring-rest-api
2022-10-17 21:04:40,530 [  42351]   WARN - #c.i.o.a.i.ActionUpdater - 507 ms to grab EDT for #update@ToolwindowTitle (com.intellij.toolWindow.ToolWindowHeader$2)
2022-10-17 21:04:40,533 [  42354]   WARN - #c.i.o.a.i.ActionUpdater - 506 ms to grab EDT for CWMTelephonyGroup#update@NavBarToolbar (com.jetbrains.rd.platform.codeWithMe.telephony.CWMTelephonyGroup)
2022-10-17 21:05:08,661 [  70482]   WARN - #c.i.o.v.ExternallyAddedFilesProcessorImpl - Cannot find project config directory for non-default and non-directory based project spring-rest-api
2022-10-17 21:05:09,095 [  70916]   WARN - #c.i.o.a.i.ActionUpdater - 303 ms to grab EDT for #update@ToolwindowTitle (com.intellij.toolWindow.ToolWindowHeader$2)
2022-10-17 21:05:09,095 [  70916]   WARN - #c.i.o.a.i.ActionUpdater - 301 ms to grab EDT for CWMTelephonyGroup#update@NavBarToolbar (com.jetbrains.rd.platform.codeWithMe.telephony.CWMTelephonyGroup)
2022-10-17 21:05:56,753 [ 118574]   WARN - #c.i.o.v.ExternallyAddedFilesProcessorImpl - Cannot find project config directory for non-default and non-directory based project spring-rest-api
2022-10-17 21:05:57,262 [ 119083]   WARN - #c.i.o.v.ExternallyAddedFilesProcessorImpl - Cannot find project config directory for non-default and non-directory based project spring-rest-api
2022-10-17 21:05:58,432 [ 120253]   WARN - #c.i.u.x.Binding - no accessors for com.haulmont.jpb.model.dbtype.DbType
2022-10-17 21:06:00,502 [ 122323]   WARN - #c.i.o.a.i.ActionUpdater - 232 ms to grab EDT for ApplyChangesAction#update@NavBarToolbar (com.android.tools.idea.run.ui.ApplyChangesAction)
2022-10-17 21:06:00,502 [ 122323]   WARN - #c.i.o.a.i.ActionUpdater - 229 ms to grab EDT for SelectFileAction#update@ToolwindowTitle (com.intellij.ide.projectView.impl.SelectFileAction)
2022-10-17 21:06:09,441 [ 131262]   WARN - #o.j.k.i.s.r.KotlinCompilerReferenceIndexStorage - kotlin-data-container is not found
2022-10-17 21:06:10,081 [ 131902]   WARN - #c.i.o.a.i.ActionUpdater - 303 ms to grab EDT for CWMTelephonyGroup#update@NavBarToolbar (com.jetbrains.rd.platform.codeWithMe.telephony.CWMTelephonyGroup)
2022-10-17 21:06:10,086 [ 131907]   WARN - #c.i.o.a.i.ActionUpdater - 303 ms to grab EDT for #update@ToolwindowTitle (com.intellij.toolWindow.ToolWindowHeader$2)
2022-10-17 21:06:10,666 [ 132487]   WARN - #c.i.o.a.i.ActionUpdater - 480 ms to grab EDT for DeviceAndSnapshotComboBoxAction#update@NavBarToolbar (com.android.tools.idea.run.deployment.DeviceAndSnapshotComboBoxAction)
2022-10-17 21:06:10,933 [ 132754]   WARN - #c.i.o.a.i.ActionUpdater - 250 ms to grab EDT for #update@ToolwindowTitle (com.intellij.toolWindow.ToolWindowHeader$2)
2022-10-17 21:06:10,933 [ 132754]   WARN - #c.i.o.a.i.ActionUpdater - 248 ms to grab EDT for FakeRerunAction#update@RunnerToolbar (com.intellij.execution.runners.FakeRerunAction)
2022-10-17 21:08:00,926 [ 242747]   WARN - #o.j.k.i.s.r.KotlinCompilerReferenceIndexStorage - kotlin-data-container is not found
2022-10-17 21:08:03,402 [ 245223]   WARN - #c.i.o.a.i.ActionUpdater - 296 ms to grab EDT for #update@EditorInspectionsToolbar (com.intellij.openapi.editor.impl.EditorMarkupModelImpl$1)
2022-10-17 21:09:17,476 [ 319297]   WARN - #o.j.k.i.s.r.KotlinCompilerReferenceIndexStorage - kotlin-data-container is not found
2022-10-17 21:10:03,668 [ 365489]   WARN - #c.i.o.o.e.ConfigurableExtensionPointUtil - ignore deprecated groupId: language for id: preferences.language.Kotlin.scripting
2022-10-17 21:10:06,297 [ 368118]   WARN - #c.i.o.a.i.ActionUpdater - 295 ms to grab EDT for BackAction#update@SettingsHistory (com.intellij.ide.actions.BackAction)
2022-10-17 21:12:14,776 [ 496597]   WARN - #c.i.o.o.e.ConfigurableCardPanel - auto-dispose 'Plugins' id=preferences.pluginManager
2022-10-17 21:12:15,443 [ 497264]   WARN - #c.i.u.x.Binding - no accessors for org.jetbrains.idea.perforce.perforce.ConnectionId
